0 info it worked if it ends with ok
1 verbose cli [ '/usr/bin/node', '/usr/bin/npm', 'publish', './' ]
2 info using npm@1.4.9
3 info using node@v0.10.28
4 verbose node symlink /usr/bin/node
5 verbose publish [ './' ]
6 verbose cache add [ './', null ]
7 verbose cache add name=undefined spec="./" args=["./",null]
8 verbose parsed url { protocol: null,
8 verbose parsed url   slashes: null,
8 verbose parsed url   auth: null,
8 verbose parsed url   host: null,
8 verbose parsed url   port: null,
8 verbose parsed url   hostname: null,
8 verbose parsed url   hash: null,
8 verbose parsed url   search: null,
8 verbose parsed url   query: null,
8 verbose parsed url   pathname: './',
8 verbose parsed url   path: './',
8 verbose parsed url   href: './' }
9 silly lockFile 0ee6c175- ./
10 verbose lock ./ /home/ruben/.npm/0ee6c175-.lock
11 verbose tar pack [ '/home/ruben/tmp/npm-19045-XyBeEcBt/1430938527174-0.08750837831757963/tmp.tgz',
11 verbose tar pack   './' ]
12 verbose tarball /home/ruben/tmp/npm-19045-XyBeEcBt/1430938527174-0.08750837831757963/tmp.tgz
13 verbose folder ./
14 info prepublish osm-edit-report@0.0.3
15 silly lockFile 04cb2bca-tar tar://./
16 verbose lock tar://./ /home/ruben/.npm/04cb2bca-tar.lock
17 silly lockFile 61f81106-7174-0-08750837831757963-tmp-tgz tar:///home/ruben/tmp/npm-19045-XyBeEcBt/1430938527174-0.08750837831757963/tmp.tgz
18 verbose lock tar:///home/ruben/tmp/npm-19045-XyBeEcBt/1430938527174-0.08750837831757963/tmp.tgz /home/ruben/.npm/61f81106-7174-0-08750837831757963-tmp-tgz.lock
19 silly lockFile 04cb2bca-tar tar://./
20 silly lockFile 04cb2bca-tar tar://./
21 silly lockFile 61f81106-7174-0-08750837831757963-tmp-tgz tar:///home/ruben/tmp/npm-19045-XyBeEcBt/1430938527174-0.08750837831757963/tmp.tgz
22 silly lockFile 61f81106-7174-0-08750837831757963-tmp-tgz tar:///home/ruben/tmp/npm-19045-XyBeEcBt/1430938527174-0.08750837831757963/tmp.tgz
23 verbose tar unpack /home/ruben/tmp/npm-19045-XyBeEcBt/1430938527174-0.08750837831757963/tmp.tgz
24 silly lockFile a52ddf64-pm-osm-edit-report-0-0-3-package tar:///home/ruben/.npm/osm-edit-report/0.0.3/package
25 verbose lock tar:///home/ruben/.npm/osm-edit-report/0.0.3/package /home/ruben/.npm/a52ddf64-pm-osm-edit-report-0-0-3-package.lock
26 silly lockFile 61f81106-7174-0-08750837831757963-tmp-tgz tar:///home/ruben/tmp/npm-19045-XyBeEcBt/1430938527174-0.08750837831757963/tmp.tgz
27 verbose lock tar:///home/ruben/tmp/npm-19045-XyBeEcBt/1430938527174-0.08750837831757963/tmp.tgz /home/ruben/.npm/61f81106-7174-0-08750837831757963-tmp-tgz.lock
28 silly gunzTarPerm modes [ '755', '644' ]
29 silly gunzTarPerm extractEntry package.json
30 silly gunzTarPerm modified mode [ 'package.json', 436, 420 ]
31 silly gunzTarPerm extractEntry .npmignore
32 silly gunzTarPerm modified mode [ '.npmignore', 436, 420 ]
33 silly gunzTarPerm extractEntry README.md
34 silly gunzTarPerm modified mode [ 'README.md', 436, 420 ]
35 silly gunzTarPerm extractEntry settings-example.js
36 silly gunzTarPerm modified mode [ 'settings-example.js', 436, 420 ]
37 silly gunzTarPerm extractEntry server.js
38 silly gunzTarPerm modified mode [ 'server.js', 436, 420 ]
39 silly gunzTarPerm extractEntry load.js
40 silly gunzTarPerm modified mode [ 'load.js', 509, 493 ]
41 silly gunzTarPerm extractEntry settings.js
42 silly gunzTarPerm modified mode [ 'settings.js', 436, 420 ]
43 silly gunzTarPerm extractEntry js/app.js
44 silly gunzTarPerm modified mode [ 'js/app.js', 436, 420 ]
45 silly gunzTarPerm extractEntry index.html
46 silly gunzTarPerm modified mode [ 'index.html', 436, 420 ]
47 silly gunzTarPerm extractEntry img/ajax-loader.gif
48 silly gunzTarPerm modified mode [ 'img/ajax-loader.gif', 436, 420 ]
49 silly gunzTarPerm extractEntry query/add_user.sql
50 silly gunzTarPerm modified mode [ 'query/add_user.sql', 436, 420 ]
51 silly gunzTarPerm extractEntry query/add_user.sql~
52 silly gunzTarPerm modified mode [ 'query/add_user.sql~', 436, 420 ]
53 silly gunzTarPerm extractEntry query/tables.sql
54 silly gunzTarPerm modified mode [ 'query/tables.sql', 436, 420 ]
55 silly gunzTarPerm extractEntry fonts/glyphicons-halflings-regular.eot
56 silly gunzTarPerm modified mode [ 'fonts/glyphicons-halflings-regular.eot', 436, 420 ]
57 silly gunzTarPerm extractEntry fonts/glyphicons-halflings-regular.svg
58 silly gunzTarPerm modified mode [ 'fonts/glyphicons-halflings-regular.svg', 436, 420 ]
59 silly gunzTarPerm extractEntry fonts/glyphicons-halflings-regular.ttf
60 silly gunzTarPerm modified mode [ 'fonts/glyphicons-halflings-regular.ttf', 436, 420 ]
61 silly gunzTarPerm extractEntry fonts/glyphicons-halflings-regular.woff
62 silly gunzTarPerm modified mode [ 'fonts/glyphicons-halflings-regular.woff', 436, 420 ]
63 silly gunzTarPerm extractEntry css/style.css
64 silly gunzTarPerm modified mode [ 'css/style.css', 436, 420 ]
65 silly gunzTarPerm extractEntry lib/utils.js
66 silly gunzTarPerm modified mode [ 'lib/utils.js', 436, 420 ]
67 silly gunzTarPerm extractEntry lib/bootstrap.js
68 silly gunzTarPerm modified mode [ 'lib/bootstrap.js', 436, 420 ]
69 silly gunzTarPerm extractEntry lib/d3.v3.js
70 silly gunzTarPerm modified mode [ 'lib/d3.v3.js', 436, 420 ]
71 silly gunzTarPerm extractEntry lib/underscore-min.js
72 silly gunzTarPerm modified mode [ 'lib/underscore-min.js', 436, 420 ]
73 silly gunzTarPerm extractEntry lib/interactiveLayer.js
74 silly gunzTarPerm modified mode [ 'lib/interactiveLayer.js', 436, 420 ]
75 silly gunzTarPerm extractEntry lib/jquery-2.1.1.min.js
76 silly gunzTarPerm modified mode [ 'lib/jquery-2.1.1.min.js', 436, 420 ]
77 silly gunzTarPerm extractEntry lib/tooltip.js
78 silly gunzTarPerm modified mode [ 'lib/tooltip.js', 436, 420 ]
79 silly gunzTarPerm extractEntry lib/nv.d3.js
80 silly gunzTarPerm modified mode [ 'lib/nv.d3.js', 436, 420 ]
81 silly gunzTarPerm extractEntry lib/jquery-ui-1.9.2.min.js
82 silly gunzTarPerm modified mode [ 'lib/jquery-ui-1.9.2.min.js', 436, 420 ]
83 silly gunzTarPerm extractEntry lib/models/axis.js
84 silly gunzTarPerm modified mode [ 'lib/models/axis.js', 436, 420 ]
85 silly gunzTarPerm extractEntry lib/models/legend.js
86 silly gunzTarPerm modified mode [ 'lib/models/legend.js', 436, 420 ]
87 silly gunzTarPerm extractEntry lib/models/line.js
88 silly gunzTarPerm modified mode [ 'lib/models/line.js', 436, 420 ]
89 silly gunzTarPerm extractEntry lib/models/lineChart.js
90 silly gunzTarPerm modified mode [ 'lib/models/lineChart.js', 436, 420 ]
91 silly gunzTarPerm extractEntry lib/models/scatter.js
92 silly gunzTarPerm modified mode [ 'lib/models/scatter.js', 436, 420 ]
93 silly gunzTarPerm extractEntry lib/nv.d3.css
94 silly gunzTarPerm modified mode [ 'lib/nv.d3.css', 436, 420 ]
95 silly gunzTarPerm extractEntry lib/jquery-ui.css
96 silly gunzTarPerm modified mode [ 'lib/jquery-ui.css', 436, 420 ]
97 silly gunzTarPerm extractEntry lib/bootstrap.css
98 silly gunzTarPerm modified mode [ 'lib/bootstrap.css', 436, 420 ]
99 silly gunzTarPerm extractEntry lib/images/ui-bg_glass_95_fef1ec_1x400.png
100 silly gunzTarPerm modified mode [ 'lib/images/ui-bg_glass_95_fef1ec_1x400.png', 436, 420 ]
101 silly gunzTarPerm extractEntry lib/images/ui-bg_flat_0_aaaaaa_40x100.png
102 silly gunzTarPerm modified mode [ 'lib/images/ui-bg_flat_0_aaaaaa_40x100.png', 436, 420 ]
103 silly gunzTarPerm extractEntry lib/images/ui-bg_glass_55_fbf9ee_1x400.png
104 silly gunzTarPerm modified mode [ 'lib/images/ui-bg_glass_55_fbf9ee_1x400.png', 436, 420 ]
105 silly gunzTarPerm extractEntry lib/images/ui-bg_glass_65_ffffff_1x400.png
106 silly gunzTarPerm modified mode [ 'lib/images/ui-bg_glass_65_ffffff_1x400.png', 436, 420 ]
107 silly gunzTarPerm extractEntry lib/images/ui-bg_glass_75_dadada_1x400.png
108 silly gunzTarPerm modified mode [ 'lib/images/ui-bg_glass_75_dadada_1x400.png', 436, 420 ]
109 silly gunzTarPerm extractEntry lib/images/ui-bg_glass_75_e6e6e6_1x400.png
110 silly gunzTarPerm modified mode [ 'lib/images/ui-bg_glass_75_e6e6e6_1x400.png', 436, 420 ]
111 silly gunzTarPerm extractEntry lib/images/ui-bg_flat_75_ffffff_40x100.png
112 silly gunzTarPerm modified mode [ 'lib/images/ui-bg_flat_75_ffffff_40x100.png', 436, 420 ]
113 silly gunzTarPerm extractEntry lib/images/ui-bg_highlight-soft_75_cccccc_1x100.png
114 silly gunzTarPerm modified mode [ 'lib/images/ui-bg_highlight-soft_75_cccccc_1x100.png',
114 silly gunzTarPerm   436,
114 silly gunzTarPerm   420 ]
115 silly gunzTarPerm extractEntry lib/images/ui-icons_222222_256x240.png
116 silly gunzTarPerm modified mode [ 'lib/images/ui-icons_222222_256x240.png', 436, 420 ]
117 silly gunzTarPerm extractEntry lib/images/ui-icons_2e83ff_256x240.png
118 silly gunzTarPerm modified mode [ 'lib/images/ui-icons_2e83ff_256x240.png', 436, 420 ]
119 silly gunzTarPerm extractEntry lib/images/ui-icons_454545_256x240.png
120 silly gunzTarPerm modified mode [ 'lib/images/ui-icons_454545_256x240.png', 436, 420 ]
121 silly gunzTarPerm extractEntry lib/images/ui-icons_888888_256x240.png
122 silly gunzTarPerm modified mode [ 'lib/images/ui-icons_888888_256x240.png', 436, 420 ]
123 silly gunzTarPerm extractEntry lib/images/ui-icons_cd0a0a_256x240.png
124 silly gunzTarPerm modified mode [ 'lib/images/ui-icons_cd0a0a_256x240.png', 436, 420 ]
125 silly gunzTarPerm extractEntry lib/bootstrap-theme.css
126 silly gunzTarPerm modified mode [ 'lib/bootstrap-theme.css', 436, 420 ]
127 silly lockFile a52ddf64-pm-osm-edit-report-0-0-3-package tar:///home/ruben/.npm/osm-edit-report/0.0.3/package
128 silly lockFile a52ddf64-pm-osm-edit-report-0-0-3-package tar:///home/ruben/.npm/osm-edit-report/0.0.3/package
129 silly lockFile 61f81106-7174-0-08750837831757963-tmp-tgz tar:///home/ruben/tmp/npm-19045-XyBeEcBt/1430938527174-0.08750837831757963/tmp.tgz
130 silly lockFile 61f81106-7174-0-08750837831757963-tmp-tgz tar:///home/ruben/tmp/npm-19045-XyBeEcBt/1430938527174-0.08750837831757963/tmp.tgz
131 silly lockFile 0ee6c175- ./
132 silly lockFile 0ee6c175- ./
133 silly publish { name: 'osm-edit-report',
133 silly publish   version: '0.0.3',
133 silly publish   description: 'Reports editing activity for a number of users on OpenStreetMap.',
133 silly publish   author: { name: 'Mapbox' },
133 silly publish   license: 'ISC',
133 silly publish   engines: { node: '0.10.26' },
133 silly publish   dependencies:
133 silly publish    { cors: '^2.4.1',
133 silly publish      express: '^4.0.0',
133 silly publish      optimist: '^0.6.1',
133 silly publish      pg: '^4.0.0',
133 silly publish      underscore: '^1.7.0',
133 silly publish      osmium: '^0.1.3',
133 silly publish      request: '^2.47.0' },
133 silly publish   scripts: { run: './server.js', start: 'node server.js' },
133 silly publish   main: 'server.js',
133 silly publish   repository:
133 silly publish    { type: 'git',
133 silly publish      url: 'git://github.com/mapbox/osm-edit-report.git' },
133 silly publish   keywords: [ 'openstreetmap', 'report', 'edit' ],
133 silly publish   bugs: { url: 'https://github.com/mapbox/osm-edit-report/issues' },
133 silly publish   homepage: 'https://github.com/mapbox/osm-edit-report',
133 silly publish   readme: '# Data Team Report\n\nReports editing activity for a number of users on OpenStreetMap.\n\n![](https://s3.amazonaws.com/f.cl.ly/items/020L3h1h0s3g3a3x1T34/Screen%20Shot%202015-02-02%20at%2010.16.03%20PM.png)\n\n## Installation\n\nFor installing and running the Data Team Report, you need to:\n\n1. Install data server\n2. Configure users\n3. Load data\n4. Run data server\n5. Configure and serve web UI\n\nSystem requirements:\n\n- Node 0.10.x\n- PostGreSQL\n\n### 1. Set up data server\n\n    ## Install data server\n    npm install\n\n    # Set up database\n    postgres createdb dbstatistic\n    psql dbstatistic -f query/tables.sql\n\n### 2. Configure users\n\nAdd each user whose OpenStreetMap edits you\'d like to track to the `osm_user` table like so:\n\n\n``` sql \nSELECT add_user(589596,\'lxbarth\',\'FFFF00\',true);\n\n```\n\n- **589596** : user id on OpenStreetMap\n- **lxbarth** : name of user\n- **FFFF00**: color of user for to show in line graph\n- **true** : state of user: if you don’t want to show one user on line graph , just update the user using state as false\n\nOr use Mapbox data team users included in the project:\n\n    psql dbstatistic -f query/add_user.sql\n\n### 3. Load data\n\nYou can start loading data starting with any replication file found in http://planet.openstreetmap.org/replication/hour/\n\nFor instance, to start loading with [2012-10-23 23:02](http://planet.openstreetmap.org/replication/hour/000/001/) run:\n\n    node load.js --num_file=1 --num_directory=0 --user=<dbuser> --password=<dbpassword> --database=dbstatistic\n\nOr to start loading with [2015-01-01 00:02](http://planet.openstreetmap.org/replication/hour/000/020/) run:\n\n    node load.js --num_file=177 --num_directory=20 --user=<dbuser> --password=<dbpassword> --database=dbstatistic\n\n### 4. Run data server\n\n    node server.js --user=<dbuser> --password=<dbpassword> --database=dbstatistic\n\nThis will run the server at port 3021. Use [forever](http://labs.telasocial.com/nodejs-forever-daemon/) to run as a daemon.\n\n### 5. Configure and serve web UI\n\nCopy `settings-example.js` to `settings.js` and enter the host information under which you started the data server.\n\nFor instance run [serve](https://www.npmjs.com/package/serve) from project root:\n\n    serve\n',
133 silly publish   readmeFilename: 'README.md',
133 silly publish   _id: 'osm-edit-report@0.0.3',
133 silly publish   _shasum: '956beb910ebeecc038b6e950b22b0532c3addc94',
133 silly publish   _from: './' }
134 verbose url raw osm-edit-report
135 verbose url resolving [ 'https://registry.npmjs.org/', './osm-edit-report' ]
136 verbose url resolved https://registry.npmjs.org/osm-edit-report
137 info trying registry request attempt 1 at 00:25:27
138 http PUT https://registry.npmjs.org/osm-edit-report
139 http 403 https://registry.npmjs.org/osm-edit-report
140 verbose headers { 'content-type': 'application/json',
140 verbose headers   'cache-control': 'max-age=60',
140 verbose headers   'content-length': '95',
140 verbose headers   'accept-ranges': 'bytes',
140 verbose headers   date: 'Wed, 06 May 2015 18:55:31 GMT',
140 verbose headers   via: '1.1 varnish',
140 verbose headers   connection: 'keep-alive',
140 verbose headers   'x-served-by': 'cache-sn86-SIN',
140 verbose headers   'x-cache': 'MISS',
140 verbose headers   'x-cache-hits': '0',
140 verbose headers   'x-timer': 'S1430938527.685632,VS0,VE3456' }
141 error publish Failed PUT 403
142 error Error: "You cannot publish over the previously published version 0.0.3." : osm-edit-report
142 error     at RegClient.<anonymous> (/usr/lib/node_modules/npm/node_modules/npm-registry-client/lib/request.js:273:14)
142 error     at Request._callback (/usr/lib/node_modules/npm/node_modules/npm-registry-client/lib/request.js:211:65)
142 error     at Request.self.callback (/usr/lib/node_modules/npm/node_modules/request/request.js:123:22)
142 error     at Request.EventEmitter.emit (events.js:98:17)
142 error     at Request.<anonymous> (/usr/lib/node_modules/npm/node_modules/request/request.js:893:14)
142 error     at Request.EventEmitter.emit (events.js:117:20)
142 error     at IncomingMessage.<anonymous> (/usr/lib/node_modules/npm/node_modules/request/request.js:844:12)
142 error     at IncomingMessage.EventEmitter.emit (events.js:117:20)
142 error     at _stream_readable.js:919:16
142 error     at process._tickCallback (node.js:419:13)
143 error If you need help, you may report this *entire* log,
143 error including the npm and node versions, at:
143 error     <http://github.com/npm/npm/issues>
144 error System Linux 3.13.0-51-generic
145 error command "/usr/bin/node" "/usr/bin/npm" "publish" "./"
146 error cwd /home/ruben/apps/osm-edit-report
147 error node -v v0.10.28
148 error npm -v 1.4.9
149 verbose exit [ 1, true ]
