--
-- PostgreSQL database dump
--

SET statement_timeout = 0;
SET lock_timeout = 0;
SET client_encoding = 'UTF8';
SET standard_conforming_strings = on;
SET check_function_bodies = false;
SET client_min_messages = warning;

--
-- Name: plpgsql; Type: EXTENSION; Schema: -; Owner: 
--

CREATE EXTENSION IF NOT EXISTS plpgsql WITH SCHEMA pg_catalog;


--
-- Name: EXTENSION plpgsql; Type: COMMENT; Schema: -; Owner: 
--

COMMENT ON EXTENSION plpgsql IS 'PL/pgSQL procedural language';


SET search_path = public, pg_catalog;

--
-- Name: add_user(integer, character varying, character varying, boolean); Type: FUNCTION; Schema: public; Owner: postgres
--

CREATE FUNCTION add_user(_iduser integer, _osmuser character varying, _color character varying, _estado boolean) RETURNS character varying
    LANGUAGE plpgsql
    AS $$
declare 
    _user varchar ;
    _flag varchar; 
begin 
	_user = (SELECT _osmuser FROM osm_user WHERE iduser = _iduser);
	if(_user is null ) then 
		INSERT INTO osm_user(iduser, osmuser, color, estado) VALUES (_iduser, _osmuser, _color, _estado);
		PERFORM addcol_user(_iduser::text);
		_flag = 'User ' || _osmuser ||' Was created';
	else
		_flag = 'User ' || _user ||' Already exist';
	end if;
return _flag;
end;
$$;


ALTER FUNCTION public.add_user(_iduser integer, _osmuser character varying, _color character varying, _estado boolean) OWNER TO postgres;

--
-- Name: addcol_user(character varying); Type: FUNCTION; Schema: public; Owner: postgres
--

CREATE FUNCTION addcol_user(_columname character varying) RETURNS void
    LANGUAGE plpgsql
    AS $$
declare 
    _flag varchar ;
    _uo varchar;
    _uc varchar;
begin 
	_uo = 'uo_'||_columname;
	_uc = 'uc_'||_columname;
	_flag = (SELECT attname FROM pg_attribute WHERE attrelid = (SELECT oid FROM pg_class WHERE relname = 'osm_obj') AND attname = _uo);
	if(_flag is null ) then 
		EXECUTE 'ALTER TABLE osm_obj ADD COLUMN ' || _uo || ' SMALLINT;';
		EXECUTE 'ALTER TABLE osm_obj ADD COLUMN ' || _uc || ' SMALLINT;';
		_flag = _columname ||' Was created';
	else
		_flag = _columname ||' Already exist';
	end if;

end;
$$;


ALTER FUNCTION public.addcol_user(_columname character varying) OWNER TO postgres;

SET default_tablespace = '';

SET default_with_oids = false;

--
-- Name: osm_obj; Type: TABLE; Schema: public; Owner: postgres; Tablespace: 
--

CREATE TABLE osm_obj (
    osmdate integer NOT NULL,
    uo_510836 smallint,
    uc_510836 smallint,
    uo_1240849 smallint,
    uc_1240849 smallint,
    uo_1829683 smallint,
    uc_1829683 smallint,
    uo_2219338 smallint,
    uc_2219338 smallint,
    uo_2226712 smallint,
    uc_2226712 smallint,
    uo_94578 smallint,
    uc_94578 smallint,
    uo_1051550 smallint,
    uc_1051550 smallint,
    uo_2554698 smallint,
    uc_2554698 smallint,
    uo_2377377 smallint,
    uc_2377377 smallint,
    uo_2511706 smallint,
    uc_2511706 smallint,
    uo_2512300 smallint,
    uc_2512300 smallint,
    uo_2115749 smallint,
    uc_2115749 smallint,
    uo_1306 smallint,
    uc_1306 smallint,
    uo_2748195 smallint,
    uc_2748195 smallint,
    uo_2644101 smallint,
    uc_2644101 smallint,
    uo_2823295 smallint,
    uc_2823295 smallint,
    uo_2782847 smallint,
    uc_2782847 smallint,
    uo_589596 smallint,
    uc_589596 smallint,
    uo_2306749 smallint,
    uc_2306749 smallint,
    uo_146675 smallint,
    uc_146675 smallint,
    uo_53073 smallint,
    uc_53073 smallint
);


ALTER TABLE public.osm_obj OWNER TO postgres;

--
-- Name: osm_user; Type: TABLE; Schema: public; Owner: postgres; Tablespace: 
--

CREATE TABLE osm_user (
    iduser integer NOT NULL,
    osmuser character varying(50),
    color character varying(6),
    estado boolean NOT NULL
);


ALTER TABLE public.osm_user OWNER TO postgres;

--
-- Data for Name: osm_obj; Type: TABLE DATA; Schema: public; Owner: postgres
--

COPY osm_obj (osmdate, uo_510836, uc_510836, uo_1240849, uc_1240849, uo_1829683, uc_1829683, uo_2219338, uc_2219338, uo_2226712, uc_2226712, uo_94578, uc_94578, uo_1051550, uc_1051550, uo_2554698, uc_2554698, uo_2377377, uc_2377377, uo_2511706, uc_2511706, uo_2512300, uc_2512300, uo_2115749, uc_2115749, uo_1306, uc_1306, uo_2748195, uc_2748195, uo_2644101, uc_2644101, uo_2823295, uc_2823295, uo_2782847, uc_2782847, uo_589596, uc_589596, uo_2306749, uc_2306749, uo_146675, uc_146675, uo_53073, uc_53073) FROM stdin;
1423076000	0	0	1058	6	567	7	1922	2	0	0	0	0	0	0	0	0	203	8	65	2	2382	7	0	0	0	0	0	0	0	0	0	0	0	0	0	0	0	0	0	0	\N	\N
1423112000	0	0	0	0	0	0	0	0	0	0	0	0	0	0	0	0	0	0	0	0	0	0	54	3	0	0	0	0	0	0	0	0	0	0	0	0	0	0	0	0	\N	\N
1423101000	0	0	0	0	0	0	0	0	0	0	0	0	0	0	0	0	0	0	0	0	0	0	0	0	0	0	0	0	0	0	0	0	0	0	0	0	0	0	0	0	\N	\N
1423141000	0	0	0	0	0	0	0	0	0	0	0	0	0	0	235	3	0	0	0	0	0	0	137	6	0	0	0	0	0	0	0	0	0	0	0	0	0	0	0	0	\N	\N
1423090000	0	0	1518	18	904	21	832	1	147	1	0	0	0	0	0	0	1127	27	572	10	261	7	0	0	0	0	0	0	0	0	0	0	0	0	0	0	0	0	0	0	\N	\N
1423061000	3	1	0	0	0	0	0	0	0	0	0	0	0	0	0	0	674	16	411	11	73	1	0	0	0	0	0	0	0	0	0	0	0	0	0	0	3	1	0	0	\N	\N
1423123000	0	0	0	0	0	0	0	0	0	0	0	0	759	26	480	13	0	0	0	0	0	0	417	23	18	1	0	0	0	0	0	0	0	0	0	0	0	0	0	0	\N	\N
1423162000	0	0	478	8	409	4	401	1	1112	1	0	0	0	0	0	0	217	9	253	2	1369	1	0	0	0	0	0	0	0	0	0	0	0	0	0	0	0	0	0	0	0	0
1423033000	0	0	0	0	0	0	0	0	0	0	0	0	77	19	282	8	0	0	0	0	0	0	205	18	0	0	0	0	0	0	0	0	0	0	0	0	0	0	0	0	\N	\N
1423047000	0	0	0	0	0	0	0	0	0	0	0	0	345	6	9	6	0	0	0	0	0	0	236	28	281	3	0	0	0	0	0	0	0	0	0	0	0	0	0	0	\N	\N
1423216000	0	0	0	0	0	0	0	0	0	0	0	0	0	0	507	15	0	0	0	0	0	0	271	15	0	0	0	0	0	0	0	0	0	0	0	0	0	0	0	0	0	0
1423065000	0	0	0	0	326	3	819	2	0	0	0	0	0	0	0	0	739	9	464	8	128	2	0	0	0	0	0	0	0	0	0	0	0	0	0	0	0	0	0	0	\N	\N
1423223000	0	0	0	0	0	0	0	0	0	0	0	0	0	0	116	12	0	0	0	0	0	0	42	1	587	5	0	0	0	0	0	0	0	0	0	0	0	0	0	0	0	0
1423079000	0	0	636	5	182	3	327	2	592	1	0	0	0	0	0	0	250	11	401	6	0	0	0	0	0	0	0	0	0	0	0	0	0	0	0	0	0	0	0	0	\N	\N
1423133000	0	0	0	0	0	0	0	0	0	0	0	0	0	0	583	22	0	0	0	0	0	0	271	15	73	3	0	0	0	0	0	0	0	0	0	0	0	0	0	0	\N	\N
1423180000	0	0	1317	9	0	0	1105	7	841	4	0	0	0	0	0	0	528	17	634	28	0	0	0	0	0	0	0	0	0	0	0	0	0	0	0	0	0	0	0	0	0	0
1423169000	0	0	1349	4	0	0	1080	7	360	2	211	1	0	0	0	0	800	21	1207	6	561	3	0	0	0	0	0	0	0	0	0	0	0	0	0	0	0	0	0	0	0	0
1423105000	0	0	0	0	0	0	0	0	0	0	0	0	0	0	0	0	0	0	0	0	0	0	0	0	0	0	0	0	0	0	0	0	0	0	0	0	0	0	0	0	\N	\N
1423202000	0	0	0	0	0	0	0	0	371	3	0	0	0	0	224	12	0	0	0	0	0	0	458	4	29	2	0	0	0	0	0	0	0	0	0	0	0	0	0	0	0	0
1423051000	0	0	0	0	0	0	0	0	0	0	0	0	1252	12	246	16	0	0	0	0	0	0	146	10	870	5	0	0	0	0	0	0	0	0	0	0	0	0	0	0	\N	\N
1423094000	0	0	0	0	89	3	574	1	0	0	0	0	0	0	0	0	151	4	663	19	0	0	0	0	0	0	0	0	0	0	0	0	0	0	0	0	0	0	0	0	\N	\N
1423115000	0	0	0	0	0	0	0	0	0	0	0	0	0	0	0	0	0	0	0	0	0	0	258	7	0	0	0	0	0	0	0	0	0	0	0	0	0	0	0	0	\N	\N
1423069000	616	22	0	0	1093	9	1408	3	0	0	0	0	0	0	0	0	803	34	696	8	0	0	0	0	0	0	0	0	0	0	0	0	0	0	0	0	0	0	0	0	\N	\N
1423198000	0	0	0	0	0	0	0	0	125	1	0	0	0	0	0	0	0	0	0	0	0	0	0	0	0	0	0	0	0	0	0	0	0	0	0	0	0	0	0	0	0	0
1423195000	1386	13	0	0	0	0	0	0	52	1	0	0	0	0	0	0	0	0	0	0	0	0	0	0	0	0	0	0	0	0	0	0	0	0	0	0	0	0	0	0	0	0
1423126000	0	0	0	0	0	0	0	0	0	0	0	0	351	19	364	12	0	0	0	0	0	0	194	9	0	0	0	0	0	0	0	0	0	0	0	0	0	0	0	0	\N	\N
1423083000	0	0	1205	9	546	9	0	0	273	2	0	0	0	0	0	0	1072	33	700	16	678	17	0	0	0	0	0	0	0	0	0	0	0	0	0	0	0	0	0	0	\N	\N
1423205000	0	0	0	0	0	0	0	0	344	1	0	0	0	0	0	0	0	0	0	0	0	0	0	0	130	6	0	0	0	0	0	0	0	0	0	0	0	0	0	0	0	0
1423036000	0	0	0	0	0	0	0	0	0	0	0	0	0	0	9	1	0	0	0	0	0	0	36	2	0	0	0	0	0	0	0	0	0	0	0	0	0	0	0	0	\N	\N
1423151000	0	0	400	5	0	0	824	3	0	0	0	0	0	0	0	0	581	16	507	3	1024	2	0	0	0	0	0	0	0	0	0	0	0	0	0	0	0	0	0	0	0	0
1423144000	0	0	16	2	314	5	0	0	0	0	0	0	0	0	0	0	0	0	0	0	0	0	0	0	0	0	0	0	0	0	0	0	0	0	0	0	0	0	0	0	\N	\N
1423054000	0	0	0	0	0	0	0	0	3	1	0	0	386	17	45	6	0	0	0	0	0	0	273	16	0	0	0	0	0	0	0	0	0	0	0	0	0	0	0	0	\N	\N
1423191000	25	2	0	0	0	0	0	0	186	2	0	0	0	0	0	0	0	0	0	0	0	0	0	0	0	0	0	0	0	0	0	0	0	0	0	0	0	0	0	0	0	0
1423159000	0	0	701	5	87	2	656	4	0	0	0	0	0	0	0	0	457	17	701	6	1347	1	0	0	0	0	0	0	0	0	0	0	0	0	0	0	0	0	0	0	0	0
1423108000	0	0	0	0	0	0	0	0	0	0	0	0	0	0	0	0	0	0	0	0	0	0	0	0	0	0	0	0	0	0	0	0	0	0	0	0	0	0	0	0	\N	\N
1423072000	45	14	861	3	992	8	998	1	3288	2	0	0	0	0	0	0	1162	35	904	11	0	0	0	0	0	0	0	0	0	0	0	0	0	0	0	0	0	0	0	0	\N	\N
1423097000	0	0	0	0	0	0	770	2	1170	2	0	0	0	0	0	0	0	0	0	0	0	0	0	0	0	0	0	0	0	0	0	0	0	0	0	0	0	0	0	0	\N	\N
1423137000	0	0	0	0	0	0	0	0	0	0	0	0	0	0	112	2	0	0	0	0	0	0	218	14	0	0	0	0	0	0	0	0	0	0	0	0	0	0	0	0	\N	\N
1423177000	0	0	877	5	0	0	870	6	0	0	48	2	0	0	0	0	673	17	786	8	539	12	0	0	0	0	0	0	0	0	0	0	0	0	0	0	0	0	0	0	0	0
1423043000	0	0	0	0	0	0	0	0	0	0	0	0	103	12	285	18	0	0	0	0	0	0	424	28	232	7	0	0	0	0	0	0	0	0	0	0	0	0	0	0	\N	\N
1423119000	0	0	0	0	0	0	0	0	0	0	0	0	41	2	0	0	0	0	0	0	0	0	307	9	0	0	0	0	0	0	0	0	0	0	0	0	0	0	0	0	\N	\N
1423087000	137	1	1873	6	880	11	2363	3	237	1	0	0	0	0	0	0	962	26	823	12	702	11	0	0	0	0	0	0	0	0	0	0	0	0	0	0	0	0	0	0	\N	\N
1423058000	0	0	0	0	0	0	0	0	0	0	0	0	48	6	27	6	0	0	0	0	0	0	134	11	363	5	0	0	0	0	0	0	0	0	0	0	0	0	0	0	\N	\N
1423166000	0	0	559	3	362	6	490	9	193	3	146	2	0	0	0	0	321	20	371	4	3	2	0	0	0	0	0	0	0	0	0	0	0	0	0	0	0	0	0	0	0	0
1423130000	0	0	0	0	0	0	0	0	0	0	0	0	0	0	238	3	0	0	0	0	0	0	76	1	0	0	0	0	0	0	0	0	0	0	0	0	0	0	0	0	\N	\N
1423209000	0	0	0	0	0	0	0	0	0	0	0	0	0	0	161	5	0	0	0	0	0	0	44	2	208	3	0	0	0	0	0	0	0	0	0	0	0	0	0	0	0	0
1423231000	0	0	0	0	0	0	0	0	0	0	0	0	0	0	0	0	0	0	0	0	0	0	106	1	0	0	0	0	0	0	0	0	0	0	0	0	0	0	0	0	0	0
1423187000	0	0	0	0	0	0	0	0	491	3	0	0	0	0	0	0	0	0	43	6	0	0	0	0	0	0	0	0	0	0	0	0	0	0	0	0	0	0	0	0	0	0
1423173000	0	0	1884	11	0	0	2325	4	509	2	2	2	0	0	0	0	1038	21	677	8	518	2	0	0	0	0	0	0	0	0	0	0	0	0	0	0	0	0	0	0	0	0
1423148000	0	0	425	3	0	0	451	4	0	0	0	0	0	0	0	0	696	25	228	7	0	0	0	0	0	0	0	0	0	0	0	0	0	0	0	0	0	0	0	0	\N	\N
1423220000	0	0	0	0	0	0	0	0	0	0	0	0	0	0	610	15	0	0	0	0	0	0	233	7	313	2	0	0	0	0	0	0	0	0	0	0	0	0	0	0	0	0
1423155000	0	0	684	7	0	0	579	2	1	1	0	0	0	0	0	0	453	16	576	8	0	0	0	0	0	0	0	0	0	0	0	0	0	0	0	0	0	0	0	0	0	0
1423213000	0	0	0	0	0	0	0	0	0	0	0	0	0	0	265	11	0	0	0	0	0	0	138	6	0	0	0	0	0	0	0	0	0	0	0	0	0	0	0	0	0	0
1423184000	0	0	0	0	0	0	138	2	152	2	0	0	0	0	0	0	0	0	121	5	0	0	0	0	0	0	0	0	0	0	0	0	0	0	0	0	0	0	0	0	0	0
1423241000	76	2	1370	8	1506	5	0	0	334	4	0	0	0	0	0	0	810	37	1136	10	672	4	0	0	0	0	0	0	0	0	0	0	0	0	0	0	0	0	0	0	0	0
1423238000	2	1	1133	7	838	6	0	0	520	2	0	0	0	0	0	0	596	15	960	14	1130	6	0	0	0	0	0	0	0	0	0	0	0	0	0	0	0	0	0	0	0	0
1423234000	0	0	241	3	182	2	39	1	357	5	0	0	0	0	0	0	763	31	751	11	0	0	0	0	0	0	0	0	0	0	0	0	0	0	0	0	0	0	0	0	0	0
1423227000	0	0	0	0	0	0	0	0	0	0	0	0	0	0	19	2	0	0	0	0	0	0	152	6	589	5	0	0	0	0	0	0	0	0	0	0	0	0	0	0	0	0
1423245000	0	0	1522	7	757	11	0	0	499	4	202	1	0	0	0	0	520	31	1204	8	680	15	0	0	0	0	0	0	0	0	0	0	0	0	0	0	0	0	0	0	0	0
1423249000	0	0	659	2	534	3	0	0	170	5	127	3	0	0	0	0	398	10	176	1	148	1	0	0	0	0	0	0	0	0	0	0	0	0	0	0	0	0	0	0	0	0
\.


--
-- Data for Name: osm_user; Type: TABLE DATA; Schema: public; Owner: postgres
--

COPY osm_user (iduser, osmuser, color, estado) FROM stdin;
510836	Rub21	0171C5	t
1240849	ediyes	FFFF00	t
1829683	Luis36995	00FF00	t
2219338	RichRico	EE3344	t
2226712	dannykath	662289	t
94578	andygol	3E8380	t
1051550	shravan91	FF8A00	t
2554698	ruthmaben	FA58F4	t
2377377	abel801	008000	t
2511706	calfarome	800000	t
2512300	samely	66CCCC	t
2115749	srividya_c	7B68EE	t
1306	PlaneMad	ADFF2F	t
2748195	karitotp	00BFFF	t
2644101	Chetan_Gowda	336699	t
2823295	ramyaragupathy	996633	t
2782847	ksharma198	00CC99	t
589596	lxbarth	333366	t
2306749	shvrm	FF00FF	t
146675	geohacker	666600	t
53073	Aaron Lidman	330066	t
\.


--
-- Name: osm_obj_pkey; Type: CONSTRAINT; Schema: public; Owner: postgres; Tablespace: 
--

ALTER TABLE ONLY osm_obj
    ADD CONSTRAINT osm_obj_pkey PRIMARY KEY (osmdate);


--
-- Name: osm_user_pkey; Type: CONSTRAINT; Schema: public; Owner: postgres; Tablespace: 
--

ALTER TABLE ONLY osm_user
    ADD CONSTRAINT osm_user_pkey PRIMARY KEY (iduser);


--
-- Name: public; Type: ACL; Schema: -; Owner: postgres
--

REVOKE ALL ON SCHEMA public FROM PUBLIC;
REVOKE ALL ON SCHEMA public FROM postgres;
GRANT ALL ON SCHEMA public TO postgres;
GRANT ALL ON SCHEMA public TO PUBLIC;


--
-- PostgreSQL database dump complete
--

